Sep08202215_33_44  Script starts
Sep08202215_33_44  Getting options from 12Twenty...
Sep08202215_33_44  Loading College list options from 12Twenty...
Sep08202215_33_44  Loading Academic term options from 12Twenty...
Sep08202215_33_44  Loading Country options from 12Twenty...
Sep08202215_33_44  Loading Ethnicity options from 12Twenty...
Sep08202215_33_44  Loading Department options from 12Twenty...
Sep08202215_33_44  Loading Major options from 12Twenty...
Sep08202215_33_45  Loading Minor options from 12Twenty...
Sep08202215_33_45  Loading Degree options from 12Twenty...
Sep08202215_33_45  Loading Degree Level options from 12Twenty...
Sep08202215_33_45  Loading Work Auth options from 12Twenty...
Sep08202215_33_45  Getting data from Denodo...
PHP Warning:  file_get_contents(https://ebidvt.uits.iu.edu/server/iu_webtech_iuieapi/iuieapi_main/views/iuieapi_main?$format=XML): Failed to open stream: HTTP request failed! in /groups/iuieapi/bin/12Twenty/HelperDenodo.php on line 21
Sep08202215_34_45  0 student entries saved to file!
Sep08202215_34_45  The file /groups/iuieapi/bin/DenodoFiles/students.txt does not exist...
Sep08202215_34_45  /groups/iuieapi/bin/DenodoFiles/students.txt not ready... trying 1 time...
Sep08202215_35_22  50032 student entries saved to file!
Sep08202215_35_23  The file /groups/iuieapi/bin/DenodoFiles/students.txt exists
Sep08202215_35_23  The file /groups/iuieapi/bin/DenodoFiles/students.txt contains data
